[Sat Nov  1 18:36:19 2025] PHP 8.1.32 Development Server (http://localhost:8000) started
[Sat Nov  1 18:36:26 2025] [::1]:49158 Accepted
[Sat Nov  1 18:36:26 2025] [::1]:49158 [200]: GET /
[Sat Nov  1 18:36:26 2025] [::1]:49158 Closing
[Sat Nov  1 18:36:43 2025] [::1]:49165 Accepted
[Sat Nov  1 18:36:44 2025] [::1]:49165 [200]: GET /admin/cron-manager.php
[Sat Nov  1 18:36:44 2025] [::1]:49165 Closing
[Sat Nov  1 18:36:44 2025] [::1]:49166 Accepted
[Sat Nov  1 18:36:44 2025] [::1]:49166 [200]: GET /uploads/logo_1762000180.png
[Sat Nov  1 18:36:44 2025] [::1]:49166 Closing
[Sat Nov  1 18:36:44 2025] [::1]:49168 Accepted
[Sat Nov  1 18:36:44 2025] [::1]:49168 [200]: GET /uploads/favicon_1762000180.png?v=1762000180
[Sat Nov  1 18:36:44 2025] [::1]:49168 Closing
[Sat Nov  1 18:36:44 2025] [::1]:49169 Accepted
[Sat Nov  1 18:36:44 2025] [::1]:49169 [200]: GET /uploads/favicon_1762000180.png?v=1762000180
[Sat Nov  1 18:36:44 2025] [::1]:49169 Closing
[Sat Nov  1 18:36:46 2025] [::1]:49171 Accepted
[Sat Nov  1 18:36:46 2025] [::1]:49172 Accepted
[Sat Nov  1 18:36:46 2025] [::1]:49171 [302]: GET /admin/cron-manager.php?daemon_action=start
[Sat Nov  1 18:36:46 2025] [::1]:49171 Closing
[Sat Nov  1 18:36:46 2025] [::1]:49172 [200]: GET /admin/cron-manager.php?success=Cron+daemon+ba%C5%9Flat%C4%B1ld%C4%B1%21
[Sat Nov  1 18:36:46 2025] [::1]:49172 Closing
[Sat Nov  1 18:36:46 2025] [::1]:49173 Accepted
[Sat Nov  1 18:36:46 2025] [::1]:49173 [200]: GET /uploads/logo_1762000180.png
[Sat Nov  1 18:36:46 2025] [::1]:49173 Closing
[Sat Nov  1 18:36:49 2025] [::1]:49176 Accepted
[Sat Nov  1 18:36:49 2025] [::1]:49177 Accepted
[Sat Nov  1 18:36:49 2025] [::1]:49176 [200]: GET /admin/cron-manager.php?success=Cron+daemon+ba%C5%9Flat%C4%B1ld%C4%B1%21
[Sat Nov  1 18:36:49 2025] [::1]:49176 Closing
[Sat Nov  1 18:36:49 2025] [::1]:49177 [200]: GET /uploads/logo_1762000180.png
[Sat Nov  1 18:36:49 2025] [::1]:49177 Closing
[Sat Nov  1 18:36:49 2025] [::1]:49179 Accepted
[Sat Nov  1 18:36:49 2025] [::1]:49179 [200]: GET /uploads/favicon_1762000180.png?v=1762000180
[Sat Nov  1 18:36:49 2025] [::1]:49179 Closing
[Sat Nov  1 18:36:49 2025] [::1]:49180 Accepted
[Sat Nov  1 18:36:49 2025] [::1]:49180 [200]: GET /uploads/favicon_1762000180.png?v=1762000180
[Sat Nov  1 18:36:49 2025] [::1]:49180 Closing
[Sat Nov  1 18:37:04 2025] [::1]:49202 Accepted
[Sat Nov  1 18:37:04 2025] [::1]:49203 Accepted
[Sat Nov  1 18:37:04 2025] [::1]:49202 [200]: GET /admin/cron-manager.php?success=Cron+daemon+ba%C5%9Flat%C4%B1ld%C4%B1%21
[Sat Nov  1 18:37:04 2025] [::1]:49202 Closing
[Sat Nov  1 18:37:04 2025] [::1]:49203 [200]: GET /uploads/logo_1762000180.png
[Sat Nov  1 18:37:04 2025] [::1]:49203 Closing
[Sat Nov  1 18:37:04 2025] [::1]:49205 Accepted
[Sat Nov  1 18:37:04 2025] [::1]:49205 [200]: GET /uploads/favicon_1762000180.png?v=1762000180
[Sat Nov  1 18:37:04 2025] [::1]:49205 Closing
[Sat Nov  1 18:37:04 2025] [::1]:49206 Accepted
[Sat Nov  1 18:37:04 2025] [::1]:49206 [200]: GET /uploads/favicon_1762000180.png?v=1762000180
[Sat Nov  1 18:37:04 2025] [::1]:49206 Closing
[Sat Nov  1 18:37:47 2025] [::1]:49221 Accepted
[Sat Nov  1 18:37:47 2025] [::1]:49222 Accepted
[Sat Nov  1 18:37:47 2025] [::1]:49221 [200]: GET /admin/cron-manager.php?success=Cron+daemon+ba%C5%9Flat%C4%B1ld%C4%B1%21
[Sat Nov  1 18:37:47 2025] [::1]:49221 Closing
[Sat Nov  1 18:37:47 2025] [::1]:49222 [200]: GET /uploads/logo_1762000180.png
[Sat Nov  1 18:37:47 2025] [::1]:49222 Closing
[Sat Nov  1 18:37:47 2025] [::1]:49224 Accepted
[Sat Nov  1 18:37:47 2025] [::1]:49224 [200]: GET /uploads/favicon_1762000180.png?v=1762000180
[Sat Nov  1 18:37:47 2025] [::1]:49224 Closing
[Sat Nov  1 18:37:47 2025] [::1]:49225 Accepted
[Sat Nov  1 18:37:47 2025] [::1]:49225 [200]: GET /uploads/favicon_1762000180.png?v=1762000180
[Sat Nov  1 18:37:47 2025] [::1]:49225 Closing
[Sat Nov  1 18:37:53 2025] [::1]:49233 Accepted
[Sat Nov  1 18:37:53 2025] [::1]:49234 Accepted
[Sat Nov  1 18:37:53 2025] [::1]:49233 [302]: GET /admin/cron-manager.php?daemon_action=stop
[Sat Nov  1 18:37:53 2025] [::1]:49233 Closing
[Sat Nov  1 18:37:53 2025] [::1]:49234 [200]: GET /admin/cron-manager.php?success=Cron+daemon+durduruldu%21
[Sat Nov  1 18:37:53 2025] [::1]:49234 Closing
[Sat Nov  1 18:37:53 2025] [::1]:49236 Accepted
[Sat Nov  1 18:37:53 2025] [::1]:49236 [200]: GET /uploads/logo_1762000180.png
[Sat Nov  1 18:37:53 2025] [::1]:49236 Closing
[Sat Nov  1 18:37:54 2025] [::1]:49239 Accepted
[Sat Nov  1 18:37:54 2025] [::1]:49240 Accepted
[Sat Nov  1 18:37:54 2025] [::1]:49239 [200]: GET /admin/cron-manager.php?success=Cron+daemon+durduruldu%21
[Sat Nov  1 18:37:54 2025] [::1]:49239 Closing
[Sat Nov  1 18:37:54 2025] [::1]:49240 [200]: GET /uploads/logo_1762000180.png
[Sat Nov  1 18:37:54 2025] [::1]:49240 Closing
[Sat Nov  1 18:37:54 2025] [::1]:49241 Accepted
[Sat Nov  1 18:37:54 2025] [::1]:49241 [200]: GET /uploads/favicon_1762000180.png?v=1762000180
[Sat Nov  1 18:37:54 2025] [::1]:49241 Closing
[Sat Nov  1 18:37:54 2025] [::1]:49242 Accepted
[Sat Nov  1 18:37:54 2025] [::1]:49242 [200]: GET /uploads/favicon_1762000180.png?v=1762000180
[Sat Nov  1 18:37:54 2025] [::1]:49242 Closing
[Sat Nov  1 18:37:55 2025] [::1]:49247 Accepted
[Sat Nov  1 18:37:55 2025] [::1]:49247 [200]: GET /admin/cron-manager.php?success=Cron+daemon+durduruldu%21
[Sat Nov  1 18:37:55 2025] [::1]:49247 Closing
[Sat Nov  1 18:37:55 2025] [::1]:49248 Accepted
[Sat Nov  1 18:37:55 2025] [::1]:49248 [200]: GET /uploads/logo_1762000180.png
[Sat Nov  1 18:37:55 2025] [::1]:49248 Closing
[Sat Nov  1 18:37:55 2025] [::1]:49250 Accepted
[Sat Nov  1 18:37:55 2025] [::1]:49250 [200]: GET /uploads/favicon_1762000180.png?v=1762000180
[Sat Nov  1 18:37:55 2025] [::1]:49250 Closing
[Sat Nov  1 18:37:55 2025] [::1]:49251 Accepted
[Sat Nov  1 18:37:55 2025] [::1]:49251 [200]: GET /uploads/favicon_1762000180.png?v=1762000180
[Sat Nov  1 18:37:55 2025] [::1]:49251 Closing
[Sat Nov  1 18:38:06 2025] [::1]:49256 Accepted
[Sat Nov  1 18:38:06 2025] [::1]:49256 [200]: GET /admin/cron-manager.php?success=Cron+daemon+durduruldu%21
[Sat Nov  1 18:38:06 2025] [::1]:49256 Closing
[Sat Nov  1 18:38:06 2025] [::1]:49257 Accepted
[Sat Nov  1 18:38:06 2025] [::1]:49257 [200]: GET /uploads/logo_1762000180.png
[Sat Nov  1 18:38:06 2025] [::1]:49257 Closing
[Sat Nov  1 18:38:06 2025] [::1]:49259 Accepted
[Sat Nov  1 18:38:06 2025] [::1]:49259 [200]: GET /uploads/favicon_1762000180.png?v=1762000180
[Sat Nov  1 18:38:06 2025] [::1]:49259 Closing
[Sat Nov  1 18:38:06 2025] [::1]:49260 Accepted
[Sat Nov  1 18:38:06 2025] [::1]:49260 [200]: GET /uploads/favicon_1762000180.png?v=1762000180
[Sat Nov  1 18:38:06 2025] [::1]:49260 Closing
[Sat Nov  1 18:38:06 2025] [::1]:49261 Accepted
[Sat Nov  1 18:38:06 2025] [::1]:49262 Accepted
[Sat Nov  1 18:38:06 2025] [::1]:49261 [200]: GET /admin/cron-manager.php?success=Cron+daemon+durduruldu%21
[Sat Nov  1 18:38:06 2025] [::1]:49261 Closing
[Sat Nov  1 18:38:07 2025] [::1]:49262 [200]: GET /uploads/logo_1762000180.png
[Sat Nov  1 18:38:07 2025] [::1]:49262 Closing
[Sat Nov  1 18:38:07 2025] [::1]:49263 Accepted
[Sat Nov  1 18:38:07 2025] [::1]:49263 [200]: GET /uploads/favicon_1762000180.png?v=1762000180
[Sat Nov  1 18:38:07 2025] [::1]:49263 Closing
[Sat Nov  1 18:38:07 2025] [::1]:49264 Accepted
[Sat Nov  1 18:38:07 2025] [::1]:49264 [200]: GET /uploads/favicon_1762000180.png?v=1762000180
[Sat Nov  1 18:38:07 2025] [::1]:49264 Closing
[Sat Nov  1 18:38:09 2025] [::1]:49265 Accepted
[Sat Nov  1 18:38:09 2025] [::1]:49266 Accepted
[Sat Nov  1 18:38:09 2025] [::1]:49265 [200]: GET /admin/cron-manager.php?success=Cron+daemon+durduruldu%21
[Sat Nov  1 18:38:09 2025] [::1]:49265 Closing
[Sat Nov  1 18:38:09 2025] [::1]:49266 [200]: GET /uploads/logo_1762000180.png
[Sat Nov  1 18:38:09 2025] [::1]:49266 Closing
[Sat Nov  1 18:38:09 2025] [::1]:49268 Accepted
[Sat Nov  1 18:38:09 2025] [::1]:49268 [200]: GET /uploads/favicon_1762000180.png?v=1762000180
[Sat Nov  1 18:38:09 2025] [::1]:49268 Closing
[Sat Nov  1 18:38:09 2025] [::1]:49269 Accepted
[Sat Nov  1 18:38:09 2025] [::1]:49269 [200]: GET /uploads/favicon_1762000180.png?v=1762000180
[Sat Nov  1 18:38:09 2025] [::1]:49269 Closing
[Sat Nov  1 18:38:27 2025] [::1]:49284 Accepted
[Sat Nov  1 18:38:27 2025] [::1]:49285 Accepted
[Sat Nov  1 18:38:27 2025] [::1]:49284 [200]: GET /admin/cron-manager.php?success=Cron+daemon+durduruldu%21
[Sat Nov  1 18:38:27 2025] [::1]:49284 Closing
[Sat Nov  1 18:38:27 2025] [::1]:49285 [200]: GET /uploads/logo_1762000180.png
[Sat Nov  1 18:38:27 2025] [::1]:49285 Closing
[Sat Nov  1 18:38:27 2025] [::1]:49287 Accepted
[Sat Nov  1 18:38:27 2025] [::1]:49287 [200]: GET /uploads/favicon_1762000180.png?v=1762000180
[Sat Nov  1 18:38:27 2025] [::1]:49287 Closing
[Sat Nov  1 18:38:27 2025] [::1]:49288 Accepted
[Sat Nov  1 18:38:27 2025] [::1]:49288 [200]: GET /uploads/favicon_1762000180.png?v=1762000180
[Sat Nov  1 18:38:27 2025] [::1]:49288 Closing
[Sat Nov  1 18:38:32 2025] [::1]:49291 Accepted
[Sat Nov  1 18:38:32 2025] [::1]:49292 Accepted
[Sat Nov  1 18:38:32 2025] [::1]:49291 [302]: GET /admin/cron-manager.php?daemon_action=start
[Sat Nov  1 18:38:32 2025] [::1]:49291 Closing
[Sat Nov  1 18:38:32 2025] [::1]:49292 [200]: GET /admin/cron-manager.php?success=Cron+daemon+ba%C5%9Flat%C4%B1ld%C4%B1%21
[Sat Nov  1 18:38:32 2025] [::1]:49292 Closing
[Sat Nov  1 18:38:32 2025] [::1]:49294 Accepted
[Sat Nov  1 18:38:32 2025] [::1]:49294 [200]: GET /uploads/logo_1762000180.png
[Sat Nov  1 18:38:32 2025] [::1]:49294 Closing
[Sat Nov  1 18:38:34 2025] [::1]:49297 Accepted
[Sat Nov  1 18:38:34 2025] [::1]:49298 Accepted
[Sat Nov  1 18:38:34 2025] [::1]:49297 [200]: GET /admin/cron-manager.php?success=Cron+daemon+ba%C5%9Flat%C4%B1ld%C4%B1%21
[Sat Nov  1 18:38:34 2025] [::1]:49297 Closing
[Sat Nov  1 18:38:34 2025] [::1]:49298 [200]: GET /uploads/logo_1762000180.png
[Sat Nov  1 18:38:34 2025] [::1]:49298 Closing
[Sat Nov  1 18:38:34 2025] [::1]:49299 Accepted
[Sat Nov  1 18:38:34 2025] [::1]:49299 [200]: GET /uploads/favicon_1762000180.png?v=1762000180
[Sat Nov  1 18:38:34 2025] [::1]:49299 Closing
[Sat Nov  1 18:38:34 2025] [::1]:49300 Accepted
[Sat Nov  1 18:38:34 2025] [::1]:49300 [200]: GET /uploads/favicon_1762000180.png?v=1762000180
[Sat Nov  1 18:38:34 2025] [::1]:49300 Closing
[Sat Nov  1 18:38:34 2025] [::1]:49301 Accepted
[Sat Nov  1 18:38:34 2025] [::1]:49302 Accepted
[Sat Nov  1 18:38:34 2025] [::1]:49301 [200]: GET /admin/cron-manager.php?success=Cron+daemon+ba%C5%9Flat%C4%B1ld%C4%B1%21
[Sat Nov  1 18:38:34 2025] [::1]:49301 Closing
[Sat Nov  1 18:38:34 2025] [::1]:49302 [200]: GET /uploads/logo_1762000180.png
[Sat Nov  1 18:38:34 2025] [::1]:49302 Closing
[Sat Nov  1 18:38:35 2025] [::1]:49303 Accepted
[Sat Nov  1 18:38:35 2025] [::1]:49303 [200]: GET /uploads/favicon_1762000180.png?v=1762000180
[Sat Nov  1 18:38:35 2025] [::1]:49303 Closing
[Sat Nov  1 18:38:35 2025] [::1]:49304 Accepted
[Sat Nov  1 18:38:35 2025] [::1]:49304 [200]: GET /uploads/favicon_1762000180.png?v=1762000180
[Sat Nov  1 18:38:35 2025] [::1]:49304 Closing
[Sat Nov  1 18:38:35 2025] [::1]:49305 Accepted
[Sat Nov  1 18:38:35 2025] [::1]:49305 [200]: GET /admin/cron-manager.php?success=Cron+daemon+ba%C5%9Flat%C4%B1ld%C4%B1%21
[Sat Nov  1 18:38:35 2025] [::1]:49305 Closing
[Sat Nov  1 18:38:35 2025] [::1]:49306 Accepted
[Sat Nov  1 18:38:35 2025] [::1]:49306 [200]: GET /uploads/logo_1762000180.png
[Sat Nov  1 18:38:35 2025] [::1]:49306 Closing
[Sat Nov  1 18:38:35 2025] [::1]:49307 Accepted
[Sat Nov  1 18:38:35 2025] [::1]:49307 [200]: GET /uploads/favicon_1762000180.png?v=1762000180
[Sat Nov  1 18:38:35 2025] [::1]:49307 Closing
[Sat Nov  1 18:38:35 2025] [::1]:49308 Accepted
[Sat Nov  1 18:38:35 2025] [::1]:49308 [200]: GET /uploads/favicon_1762000180.png?v=1762000180
[Sat Nov  1 18:38:35 2025] [::1]:49308 Closing
[Sat Nov  1 18:38:35 2025] [::1]:49309 Accepted
[Sat Nov  1 18:38:35 2025] [::1]:49310 Accepted
[Sat Nov  1 18:38:35 2025] [::1]:49309 [200]: GET /admin/cron-manager.php?success=Cron+daemon+ba%C5%9Flat%C4%B1ld%C4%B1%21
[Sat Nov  1 18:38:35 2025] [::1]:49309 Closing
[Sat Nov  1 18:38:35 2025] [::1]:49310 [200]: GET /uploads/logo_1762000180.png
[Sat Nov  1 18:38:35 2025] [::1]:49310 Closing
[Sat Nov  1 18:38:35 2025] [::1]:49311 Accepted
[Sat Nov  1 18:38:35 2025] [::1]:49311 [200]: GET /uploads/favicon_1762000180.png?v=1762000180
[Sat Nov  1 18:38:35 2025] [::1]:49311 Closing
[Sat Nov  1 18:38:35 2025] [::1]:49312 Accepted
[Sat Nov  1 18:38:35 2025] [::1]:49312 [200]: GET /uploads/favicon_1762000180.png?v=1762000180
[Sat Nov  1 18:38:35 2025] [::1]:49312 Closing
[Sat Nov  1 18:38:35 2025] [::1]:49313 Accepted
[Sat Nov  1 18:38:35 2025] [::1]:49314 Accepted
[Sat Nov  1 18:38:35 2025] [::1]:49313 [200]: GET /admin/cron-manager.php?success=Cron+daemon+ba%C5%9Flat%C4%B1ld%C4%B1%21
[Sat Nov  1 18:38:35 2025] [::1]:49313 Closing
[Sat Nov  1 18:38:35 2025] [::1]:49314 [200]: GET /uploads/logo_1762000180.png
[Sat Nov  1 18:38:35 2025] [::1]:49314 Closing
[Sat Nov  1 18:38:35 2025] [::1]:49315 Accepted
[Sat Nov  1 18:38:35 2025] [::1]:49315 [200]: GET /uploads/favicon_1762000180.png?v=1762000180
[Sat Nov  1 18:38:35 2025] [::1]:49315 Closing
[Sat Nov  1 18:38:35 2025] [::1]:49316 Accepted
[Sat Nov  1 18:38:35 2025] [::1]:49316 [200]: GET /uploads/favicon_1762000180.png?v=1762000180
[Sat Nov  1 18:38:35 2025] [::1]:49316 Closing
[Sat Nov  1 18:38:35 2025] [::1]:49317 Accepted
[Sat Nov  1 18:38:35 2025] [::1]:49318 Accepted
[Sat Nov  1 18:38:35 2025] [::1]:49317 [200]: GET /admin/cron-manager.php?success=Cron+daemon+ba%C5%9Flat%C4%B1ld%C4%B1%21
[Sat Nov  1 18:38:35 2025] [::1]:49317 Closing
[Sat Nov  1 18:38:35 2025] [::1]:49318 [200]: GET /uploads/logo_1762000180.png
[Sat Nov  1 18:38:35 2025] [::1]:49318 Closing
[Sat Nov  1 18:38:35 2025] [::1]:49319 Accepted
[Sat Nov  1 18:38:35 2025] [::1]:49319 [200]: GET /uploads/favicon_1762000180.png?v=1762000180
[Sat Nov  1 18:38:35 2025] [::1]:49319 Closing
[Sat Nov  1 18:38:36 2025] [::1]:49320 Accepted
[Sat Nov  1 18:38:36 2025] [::1]:49320 [200]: GET /uploads/favicon_1762000180.png?v=1762000180
[Sat Nov  1 18:38:36 2025] [::1]:49320 Closing
[Sat Nov  1 18:38:42 2025] [::1]:49340 Accepted
[Sat Nov  1 18:38:42 2025] PHP Parse error:  syntax error, unexpected token "endif", expecting end of file in /Users/hamditug/Hamdis/StockCountWeb/admin/cron-manager.php on line 927
[Sat Nov  1 18:38:42 2025] [::1]:49340 [200]: GET /admin/cron-manager.php?success=Cron+daemon+ba%C5%9Flat%C4%B1ld%C4%B1%21 - syntax error, unexpected token "endif", expecting end of file in /Users/hamditug/Hamdis/StockCountWeb/admin/cron-manager.php on line 927
[Sat Nov  1 18:38:42 2025] [::1]:49340 Closing
[Sat Nov  1 18:38:42 2025] [::1]:49341 Accepted
[Sat Nov  1 18:38:47 2025] [::1]:49341 Closed without sending a request; it was probably just an unused speculative preconnection
[Sat Nov  1 18:38:47 2025] [::1]:49341 Closing
[Sat Nov  1 18:38:49 2025] [::1]:49346 Accepted
[Sat Nov  1 18:38:49 2025] [::1]:49347 Accepted
[Sat Nov  1 18:38:49 2025] PHP Parse error:  syntax error, unexpected token "endif", expecting end of file in /Users/hamditug/Hamdis/StockCountWeb/admin/cron-manager.php on line 927
[Sat Nov  1 18:38:49 2025] [::1]:49346 [200]: GET /admin/cron-manager.php?success=Cron+daemon+ba%C5%9Flat%C4%B1ld%C4%B1%21 - syntax error, unexpected token "endif", expecting end of file in /Users/hamditug/Hamdis/StockCountWeb/admin/cron-manager.php on line 927
[Sat Nov  1 18:38:49 2025] [::1]:49346 Closing
[Sat Nov  1 18:38:49 2025] PHP Parse error:  syntax error, unexpected token "endif", expecting end of file in /Users/hamditug/Hamdis/StockCountWeb/admin/cron-manager.php on line 927
[Sat Nov  1 18:38:49 2025] [::1]:49347 [200]: GET /admin/cron-manager.php?success=Cron+daemon+ba%C5%9Flat%C4%B1ld%C4%B1%21 - syntax error, unexpected token "endif", expecting end of file in /Users/hamditug/Hamdis/StockCountWeb/admin/cron-manager.php on line 927
[Sat Nov  1 18:38:49 2025] [::1]:49347 Closing
[Sat Nov  1 18:38:49 2025] [::1]:49348 Accepted
[Sat Nov  1 18:38:52 2025] [::1]:49348 Closed without sending a request; it was probably just an unused speculative preconnection
[Sat Nov  1 18:38:52 2025] [::1]:49348 Closing
[Sat Nov  1 18:39:01 2025] [::1]:49355 Accepted
[Sat Nov  1 18:39:01 2025] [::1]:49356 Accepted
[Sat Nov  1 18:39:01 2025] PHP Parse error:  syntax error, unexpected token "endif", expecting end of file in /Users/hamditug/Hamdis/StockCountWeb/admin/cron-manager.php on line 927
[Sat Nov  1 18:39:01 2025] [::1]:49355 [200]: GET /admin/cron-manager.php?success=Cron+daemon+ba%C5%9Flat%C4%B1ld%C4%B1%21 - syntax error, unexpected token "endif", expecting end of file in /Users/hamditug/Hamdis/StockCountWeb/admin/cron-manager.php on line 927
[Sat Nov  1 18:39:01 2025] [::1]:49355 Closing
[Sat Nov  1 18:39:02 2025] [::1]:49356 Closed without sending a request; it was probably just an unused speculative preconnection
[Sat Nov  1 18:39:02 2025] [::1]:49356 Closing
[Sat Nov  1 18:39:02 2025] [::1]:49357 Accepted
[Sat Nov  1 18:39:02 2025] [::1]:49358 Accepted
[Sat Nov  1 18:39:02 2025] PHP Parse error:  syntax error, unexpected token "endif", expecting end of file in /Users/hamditug/Hamdis/StockCountWeb/admin/cron-manager.php on line 927
[Sat Nov  1 18:39:02 2025] [::1]:49357 [200]: GET /admin/cron-manager.php?success=Cron+daemon+ba%C5%9Flat%C4%B1ld%C4%B1%21 - syntax error, unexpected token "endif", expecting end of file in /Users/hamditug/Hamdis/StockCountWeb/admin/cron-manager.php on line 927
[Sat Nov  1 18:39:02 2025] [::1]:49357 Closing
[Sat Nov  1 18:39:07 2025] [::1]:49358 Closed without sending a request; it was probably just an unused speculative preconnection
[Sat Nov  1 18:39:07 2025] [::1]:49358 Closing
[Sat Nov  1 18:39:36 2025] [::1]:49365 Accepted
[Sat Nov  1 18:39:36 2025] [::1]:49366 Accepted
[Sat Nov  1 18:39:36 2025] [::1]:49365 [200]: GET /admin/cron-manager.php?success=Cron+daemon+ba%C5%9Flat%C4%B1ld%C4%B1%21
[Sat Nov  1 18:39:36 2025] [::1]:49365 Closing
[Sat Nov  1 18:39:36 2025] [::1]:49366 [200]: GET /uploads/logo_1762000180.png
[Sat Nov  1 18:39:36 2025] [::1]:49366 Closing
[Sat Nov  1 18:39:36 2025] [::1]:49367 Accepted
[Sat Nov  1 18:39:36 2025] [::1]:49367 [200]: GET /uploads/favicon_1762000180.png?v=1762000180
[Sat Nov  1 18:39:36 2025] [::1]:49367 Closing
[Sat Nov  1 18:39:36 2025] [::1]:49368 Accepted
[Sat Nov  1 18:39:36 2025] [::1]:49368 [200]: GET /uploads/favicon_1762000180.png?v=1762000180
[Sat Nov  1 18:39:36 2025] [::1]:49368 Closing
